app/proguard-rules.pro
-optimizationpasses 5
-dontusemixedcaseclassnames
-dontskipnonpubliclibraryclasses
-dontpreverify
-verbose

-libraryjars libs/android-5.1.jar
-libraryjars libs/dex-ir-1.12.jar
-libraryjars libs/dex-reader-1.15.jar
-libraryjars libs/dex-tools-0.0.9.15.jar
-libraryjars libs/dex-translator-0.0.9.15.jar
-libraryjars libs/dx-1.16.jar
-libraryjars libs/jadx-core-0.9.0.jar
-libraryjars libs/smali-2.2.1.jar

-optimizations !code/simplification/arithmetic,!code/simplification/cast,!field/*,!class/merging/*,!code/allocation/variable
-allowaccessmodification

-keep public class com.android.vending.billing.IInAppBillingService
-keep class com.android.vending.billing.*
-keep public class * extends android.view.View {
    public <init>(android.content.Context);
    public <init>(android.content.Context, android.util.AttributeSet);
    public <init>(android.content.Context, android.util.AttributeSet, int);
}
-keepclasseswithmembers class * {
    public <init>(android.content.Context, android.util.AttributeSet);
}
-keepclasseswithmembers class * {
    public <init>(android.content.Context, android.util.AttributeSet, int);
}
-keepclassmembers class * extends android.content.Context {
    public void *(android.view.View);
    public void *(android.view.MenuItem);
}

-keep class android.support.v4.app.* { *; }
-keep interface android.support.v4.app.* { *; }

-keep class android.support.* { *; }
-keep interface android.support.* { *; }


-keepattributes *Annotation*
-keepattributes Signature
-keepattributes InnerClasses
-keepattributes InnerClasses,EnclosingMethod

-keep class com.googlecode.*
-keep class com.android.*
-keep class com.crashlytics.android.*
-keep class org.objectweb.asm.*
-keep class io.fabric.sdk.android.*
-keep class com.crashlytics.android.*
-keep class com.google.android.*
-keep class ch.qos.logback.*
-keep class com.android.dex.* { *; }
-keep class xyz.codezero.android.dex.* { *; }
-keep class kotlin.* { *; }
-keep class com.argonaut.sjrm.MainApplication { *; }
-keep class com.argonaut.sjrm.decompilers.* { *; }
-keep class jadx.core.clsp.* { *; }

-keepattributes SourceFile,LineNumberTable

-keep public class * extends java.lang.Exception

-dontwarn com.google.**
-dontwarn com.android.**
-dontwarn antlr.debug.**
-dontwarn org.antlr.**
-dontwarn com.njlabs.showjava.**
-dontwarn rx.internal.**
-dontwarn com.googlecode.dex2jar.**
-dontwarn android.test.**
-dontwarn p.rn.**
-dontwarn junit.runner.**
-dontwarn net.dongliu.**
-dontwarn com.**
-dontwarn android.**
-dontwarn org.**
-dontwarn net.**
-dontwarn uk.**
-dontwarn io.**
-dontwarn jadx.**
-dontwarn java.**
-dontwarn org.jetbrains.java.decompiler.**
-dontwarn com.crashlytics.**
-dontwarn com.google.android.**
-dontwarn ch.qos.logback.**