app/build/outputs/mapping/standardRelease/configuration.txt
# The proguard configuration file for the following section is intermediates\proguard-files\proguard-android.txt-4.1.3
# This is a configuration file for ProGuard.
# http://proguard.sourceforge.net/index.html#manual/usage.html
#
# Starting with version 2.2 of the Android plugin for Gradle, this file is distributed together with
# the plugin and unpacked at build-time. The files in $ANDROID_HOME are no longer maintained and
# will be ignored by new version of the Android plugin for Gradle.

# Optimization is turned off by default. Dex does not like code run
# through the ProGuard optimize steps (and performs some
# of these optimizations on its own).
# Note that if you want to enable optimization, you cannot just
# include optimization flags in your own project configuration file;
# instead you will need to point to the
# "proguard-android-optimize.txt" file instead of this one from your
# project.properties file.
-dontoptimize

-dontusemixedcaseclassnames
-dontskipnonpubliclibraryclasses
-verbose

# Preserve some attributes that may be required for reflection.
-keepattributes *Annotation*,Signature,InnerClasses,EnclosingMethod

-keep public class com.google.vending.licensing.ILicensingService
-keep public class com.android.vending.licensing.ILicensingService
-keep public class com.google.android.vending.licensing.ILicensingService
-dontnote com.android.vending.licensing.ILicensingService
-dontnote com.google.vending.licensing.ILicensingService
-dontnote com.google.android.vending.licensing.ILicensingService

# For native methods, see http://proguard.sourceforge.net/manual/examples.html#native
-keepclasseswithmembernames,includedescriptorclasses class * {
    native <methods>;
}

# Keep setters in Views so that animations can still work.
-keepclassmembers public class * extends android.view.View {
    void set*(***);
    *** get*();
}

# We want to keep methods in Activity that could be used in the XML attribute onClick.
-keepclassmembers class * extends android.app.Activity {
    public void *(android.view.View);
}

# For enumeration classes, see http://proguard.sourceforge.net/manual/examples.html#enumerations
-keepclassmembers enum * {
    public static **[] values();
    public static ** valueOf(java.lang.String);
}

-keepclassmembers class * implements android.os.Parcelable {
    public static final ** CREATOR;
}

# Preserve annotated Javascript interface methods.
-keepclassmembers class * {
    @android.webkit.JavascriptInterface <methods>;
}

# The support libraries contains references to newer platform versions.
# Don't warn about those in case this app is linking against an older
# platform version. We know about them, and they are safe.
-dontnote android.support.**
-dontnote androidx.**
-dontwarn android.support.**
-dontwarn androidx.**

# This class is deprecated, but remains for backward compatibility.
-dontwarn android.util.FloatMath

# Understand the @Keep support annotation.
-keep class android.support.annotation.Keep
-keep class androidx.annotation.Keep

-keep @android.support.annotation.Keep class * {*;}
-keep @androidx.annotation.Keep class * {*;}

-keepclasseswithmembers class * {
    @android.support.annotation.Keep <methods>;
}

-keepclasseswithmembers class * {
    @androidx.annotation.Keep <methods>;
}

-keepclasseswithmembers class * {
    @android.support.annotation.Keep <fields>;
}

-keepclasseswithmembers class * {
    @androidx.annotation.Keep <fields>;
}

-keepclasseswithmembers class * {
    @android.support.annotation.Keep <init>(...);
}

-keepclasseswithmembers class * {
    @androidx.annotation.Keep <init>(...);
}

# These classes are duplicated between android.jar and org.apache.http.legacy.jar.
-dontnote org.apache.http.**
-dontnote android.net.http.**

# These classes are duplicated between android.jar and core-lambda-stubs.jar.
-dontnote java.lang.invoke.**

# End of content from intermediates\proguard-files\proguard-android.txt-4.1.3
# The proguard configuration file for the following section is show-java-development\app\proguard-rules.pro
-optimizationpasses 5
-dontusemixedcaseclassnames
-dontskipnonpubliclibraryclasses
-dontpreverify
-verbose

-libraryjars libs/android-5.1.jar
-libraryjars libs/dex-ir-1.12.jar
-libraryjars libs/dex-reader-1.15.jar
-libraryjars libs/dex-tools-0.0.9.15.jar
-libraryjars libs/dex-translator-0.0.9.15.jar
-libraryjars libs/dx-1.16.jar
-libraryjars libs/jadx-core-0.9.0.jar
-libraryjars libs/smali-2.2.1.jar

-optimizations !code/simplification/arithmetic,!code/simplification/cast,!field/*,!class/merging/*,!code/allocation/variable
-allowaccessmodification

-keep public class com.android.vending.billing.IInAppBillingService
-keep class com.android.vending.billing.*
-keep public class * extends android.view.View {
    public <init>(android.content.Context);
    public <init>(android.content.Context, android.util.AttributeSet);
    public <init>(android.content.Context, android.util.AttributeSet, int);
}
-keepclasseswithmembers class * {
    public <init>(android.content.Context, android.util.AttributeSet);
}
-keepclasseswithmembers class * {
    public <init>(android.content.Context, android.util.AttributeSet, int);
}
-keepclassmembers class * extends android.content.Context {
    public void *(android.view.View);
    public void *(android.view.MenuItem);
}

-keep class android.support.v4.app.* { *; }
-keep interface android.support.v4.app.* { *; }

-keep class android.support.* { *; }
-keep interface android.support.* { *; }


-keepattributes *Annotation*
-keepattributes Signature
-keepattributes InnerClasses
-keepattributes InnerClasses,EnclosingMethod

-keep class com.googlecode.*
-keep class com.android.*
-keep class com.crashlytics.android.*
-keep class org.objectweb.asm.*
-keep class io.fabric.sdk.android.*
-keep class com.crashlytics.android.*
-keep class com.google.android.*
-keep class ch.qos.logback.*
-keep class com.android.dex.* { *; }
-keep class xyz.codezero.android.dex.* { *; }
-keep class kotlin.* { *; }
-keep class com.argonaut.sjrm.MainApplication { *; }
-keep class com.argonaut.sjrm.decompilers.* { *; }
-keep class jadx.core.clsp.* { *; }

-keepattributes SourceFile,LineNumberTable

-keep public class * extends java.lang.Exception

-dontwarn com.google.**
-dontwarn com.android.**
-dontwarn antlr.debug.**
-dontwarn org.antlr.**
-dontwarn com.njlabs.showjava.**
-dontwarn rx.internal.**
-dontwarn com.googlecode.dex2jar.**
-dontwarn android.test.**
-dontwarn p.rn.**
-dontwarn junit.runner.**
-dontwarn net.dongliu.**
-dontwarn com.**
-dontwarn android.**
-dontwarn org.**
-dontwarn net.**
-dontwarn uk.**
-dontwarn io.**
-dontwarn jadx.**
-dontwarn java.**
-dontwarn org.jetbrains.java.decompiler.**
-dontwarn com.crashlytics.**
-dontwarn com.google.android.**
-dontwarn ch.qos.logback.**
# End of content from show-java-development\app\proguard-rules.pro
# The proguard configuration file for the following section is aapt_proguard_file\standardRelease\aapt_rules.txt
-keep class androidx.core.app.CoreComponentFactory { <init>(); }
-keep class androidx.core.content.FileProvider { <init>(); }
-keep class androidx.lifecycle.ProcessLifecycleOwnerInitializer { <init>(); }
-keep class androidx.work.impl.WorkManagerInitializer { <init>(); }
-keep class androidx.work.impl.background.systemalarm.ConstraintProxy$BatteryChargingProxy { <init>(); }
-keep class androidx.work.impl.background.systemalarm.ConstraintProxy$BatteryNotLowProxy { <init>(); }
-keep class androidx.work.impl.background.systemalarm.ConstraintProxy$NetworkStateProxy { <init>(); }
-keep class androidx.work.impl.background.systemalarm.ConstraintProxy$StorageNotLowProxy { <init>(); }
-keep class androidx.work.impl.background.systemalarm.ConstraintProxyUpdateReceiver { <init>(); }
-keep class androidx.work.impl.background.systemalarm.RescheduleReceiver { <init>(); }
-keep class androidx.work.impl.background.systemalarm.SystemAlarmService { <init>(); }
-keep class androidx.work.impl.background.systemjob.SystemJobService { <init>(); }
-keep class androidx.work.impl.utils.ForceStopRunnable$BroadcastReceiver { <init>(); }
-keep class com.android.billingclient.api.ProxyBillingActivity { <init>(); }
-keep class com.argonaut.sjrm.MainApplication { <init>(); }
-keep class com.argonaut.sjrm.activities.about.AboutActivity { <init>(); }
-keep class com.argonaut.sjrm.activities.apps.AppsActivity { <init>(); }
-keep class com.argonaut.sjrm.activities.decompiler.DecompilerActivity { <init>(); }
-keep class com.argonaut.sjrm.activities.decompiler.DecompilerProcessActivity { <init>(); }
-keep class com.argonaut.sjrm.activities.decompiler.LowMemoryActivity { <init>(); }
-keep class com.argonaut.sjrm.activities.explorer.navigator.NavigatorActivity { <init>(); }
-keep class com.argonaut.sjrm.activities.explorer.viewer.CodeViewerActivity { <init>(); }
-keep class com.argonaut.sjrm.activities.explorer.viewer.ImageViewerActivity { <init>(); }
-keep class com.argonaut.sjrm.activities.landing.LandingActivity { <init>(); }
-keep class com.argonaut.sjrm.activities.purchase.PurchaseActivity { <init>(); }
-keep class com.argonaut.sjrm.activities.settings.SettingsActivity { <init>(); }
-keep class com.argonaut.sjrm.receivers.DecompilerActionReceiver { <init>(); }
-keep class com.github.javiersantos.piracychecker.activities.LicenseActivity { <init>(); }
-keep class com.google.android.datatransport.runtime.backends.TransportBackendDiscovery { <init>(); }
-keep class com.google.android.datatransport.runtime.scheduling.jobscheduling.AlarmManagerSchedulerBroadcastReceiver { <init>(); }
-keep class com.google.android.datatransport.runtime.scheduling.jobscheduling.JobInfoSchedulerService { <init>(); }
-keep class com.google.android.gms.ads.AdActivity { <init>(); }
-keep class com.google.android.gms.ads.MobileAdsInitProvider { <init>(); }
-keep class com.google.android.gms.common.api.GoogleApiActivity { <init>(); }
-keep class com.google.android.gms.measurement.AppMeasurementJobService { <init>(); }
-keep class com.google.android.gms.measurement.AppMeasurementReceiver { <init>(); }
-keep class com.google.android.gms.measurement.AppMeasurementService { <init>(); }
-keep class com.google.android.gms.oss.licenses.OssLicensesActivity { <init>(); }
-keep class com.google.android.gms.oss.licenses.OssLicensesMenuActivity { <init>(); }
-keep class com.google.firebase.components.ComponentDiscoveryService { <init>(); }
-keep class com.google.firebase.perf.provider.FirebasePerfProvider { <init>(); }
-keep class com.google.firebase.provider.FirebaseInitProvider { <init>(); }
-keep class com.startapp.sdk.ads.interstitials.OverlayActivity { <init>(); }
-keep class com.startapp.sdk.ads.list3d.List3DActivity { <init>(); }
-keep class com.startapp.sdk.adsbase.consent.ConsentActivity { <init>(); }
-keep class com.startapp.sdk.adsbase.remoteconfig.BootCompleteListener { <init>(); }
-keep class com.startapp.sdk.cachedservice.BackgroundService { <init>(); }
-keep class com.startapp.sdk.jobs.SchedulerService { <init>(); }
-keep class pub.devrel.easypermissions.AppSettingsDialogHolderActivity { <init>(); }
-keep class android.widget.Space { <init>(android.content.Context, android.util.AttributeSet); }

-keep class androidx.appcompat.app.AlertController$RecycleListView { <init>(android.content.Context, android.util.AttributeSet); }

-keep class androidx.appcompat.view.menu.ActionMenuItemView { <init>(android.content.Context, android.util.AttributeSet); }

-keep class androidx.appcompat.view.menu.ExpandedMenuView { <init>(android.content.Context, android.util.AttributeSet); }

-keep class androidx.appcompat.view.menu.ListMenuItemView { <init>(android.content.Context, android.util.AttributeSet); }

-keep class androidx.appcompat.widget.ActionBarContainer { <init>(android.content.Context, android.util.AttributeSet); }

-keep class androidx.appcompat.widget.ActionBarContextView { <init>(android.content.Context, android.util.AttributeSet); }

-keep class androidx.appcompat.widget.ActionBarOverlayLayout { <init>(android.content.Context, android.util.AttributeSet); }

-keep class androidx.appcompat.widget.ActionMenuView { <init>(android.content.Context, android.util.AttributeSet); }

-keep class androidx.appcompat.widget.ActivityChooserView$InnerLayout { <init>(android.content.Context, android.util.AttributeSet); }

-keep class androidx.appcompat.widget.AlertDialogLayout { <init>(android.content.Context, android.util.AttributeSet); }

-keep class androidx.appcompat.widget.AppCompatButton { <init>(android.content.Context, android.util.AttributeSet); }

-keep class androidx.appcompat.widget.ButtonBarLayout { <init>(android.content.Context, android.util.AttributeSet); }

-keep class androidx.appcompat.widget.ContentFrameLayout { <init>(android.content.Context, android.util.AttributeSet); }

-keep class androidx.appcompat.widget.DialogTitle { <init>(android.content.Context, android.util.AttributeSet); }

-keep class androidx.appcompat.widget.FitWindowsFrameLayout { <init>(android.content.Context, android.util.AttributeSet); }

-keep class androidx.appcompat.widget.FitWindowsLinearLayout { <init>(android.content.Context, android.util.AttributeSet); }

-keep class androidx.appcompat.widget.SearchView { <init>(android.content.Context); }

-keep class androidx.appcompat.widget.SearchView$SearchAutoComplete { <init>(android.content.Context, android.util.AttributeSet); }

-keep class androidx.appcompat.widget.SwitchCompat { <init>(android.content.Context, android.util.AttributeSet); }

-keep class androidx.appcompat.widget.Toolbar { <init>(android.content.Context, android.util.AttributeSet); }

-keep class androidx.appcompat.widget.ViewStubCompat { <init>(android.content.Context, android.util.AttributeSet); }

-keep class androidx.browser.browseractions.BrowserActionsFallbackMenuView { <init>(android.content.Context, android.util.AttributeSet); }

-keep class androidx.cardview.widget.CardView { <init>(android.content.Context, android.util.AttributeSet); }

-keep class androidx.coordinatorlayout.widget.CoordinatorLayout { <init>(android.content.Context, android.util.AttributeSet); }

-keep class androidx.core.widget.NestedScrollView { <init>(android.content.Context, android.util.AttributeSet); }

-keep class androidx.drawerlayout.widget.DrawerLayout { <init>(android.content.Context, android.util.AttributeSet); }

-keep class androidx.preference.UnPressableLinearLayout { <init>(android.content.Context, android.util.AttributeSet); }

-keep class androidx.preference.internal.PreferenceImageView { <init>(android.content.Context, android.util.AttributeSet); }

-keep class androidx.recyclerview.widget.RecyclerView { <init>(android.content.Context, android.util.AttributeSet); }

-keep class androidx.swiperefreshlayout.widget.SwipeRefreshLayout { <init>(android.content.Context, android.util.AttributeSet); }

-keep class com.argonaut.sjrm.utils.views.CodeView { <init>(android.content.Context, android.util.AttributeSet); }

-keep class com.daimajia.numberprogressbar.NumberProgressBar { <init>(android.content.Context, android.util.AttributeSet); }

-keep class com.davemorrissey.labs.subscaleview.SubsamplingScaleImageView { <init>(android.content.Context, android.util.AttributeSet); }

-keep class com.github.angads25.filepicker.widget.MaterialCheckbox { <init>(android.content.Context, android.util.AttributeSet); }

-keep class com.google.android.material.appbar.AppBarLayout { <init>(android.content.Context, android.util.AttributeSet); }

-keep class com.google.android.material.floatingactionbutton.FloatingActionButton { <init>(android.content.Context, android.util.AttributeSet); }

-keep class com.google.android.material.internal.BaselineLayout { <init>(android.content.Context, android.util.AttributeSet); }

-keep class com.google.android.material.internal.CheckableImageButton { <init>(android.content.Context, android.util.AttributeSet); }

-keep class com.google.android.material.internal.NavigationMenuItemView { <init>(android.content.Context, android.util.AttributeSet); }

-keep class com.google.android.material.internal.NavigationMenuView { <init>(android.content.Context, android.util.AttributeSet); }

-keep class com.google.android.material.navigation.NavigationView { <init>(android.content.Context, android.util.AttributeSet); }

-keep class com.google.android.material.snackbar.Snackbar$SnackbarLayout { <init>(android.content.Context, android.util.AttributeSet); }

-keep class com.google.android.material.snackbar.SnackbarContentLayout { <init>(android.content.Context, android.util.AttributeSet); }

-keep class com.startapp.sdk.ads.banner.Banner { <init>(android.content.Context, android.util.AttributeSet); }

-keep class com.startapp.sdk.ads.banner.Cover { <init>(android.content.Context, android.util.AttributeSet); }


# End of content from aapt_proguard_file\standardRelease\aapt_rules.txt
# The proguard configuration file for the following section is 884cde49f390297bf4286cc1f0b9a952\jetified-PiracyChecker-1.2.5\proguard.txt
# Add project specific ProGuard rules here.
# By default, the flags in this file are appended to flags specified
# in /Users/javiersantos/Library/Android/sdk/tools/proguard/proguard-android.txt
# You can edit the include path and order by changing the proguardFiles
# directive in build.gradle.
#
# For more details, see
#   http://developer.android.com/guide/developing/tools/proguard.html

# Add any project specific keep options here:

# If your project uses WebView with JS, uncomment the following
# and specify the fully qualified class name to the JavaScript interface
# class:
#-keepclassmembers class fqcn.of.javascript.interface.for.webview {
#   public *;
#}

# Lib
-keep class com.github.javiersantos.**
-dontwarn com.github.javiersantos.**

# LVL
-keep class com.google.**
-keep class autovalue.shaded.com.google.**
-keep class com.android.vending.billing.**
-keep public class com.android.vending.licensing.ILicensingService

-dontwarn org.apache.**
-dontwarn com.google.**
-dontwarn autovalue.shaded.com.google.**
-dontwarn com.android.vending.billing.**
# End of content from 884cde49f390297bf4286cc1f0b9a952\jetified-PiracyChecker-1.2.5\proguard.txt
# The proguard configuration file for the following section is a53ecc75a8f81e602935d951ab4e8143\material-1.0.0\proguard.txt
# Copyright (C) 2015 The Android Open Source Project
#
# Licensed under the Apache License, Version 2.0 (the "License");
# you may not use this file except in compliance with the License.
# You may obtain a copy of the License at
#
#      http://www.apache.org/licenses/LICENSE-2.0
#
# Unless required by applicable law or agreed to in writing, software
# distributed under the License is distributed on an "AS IS" BASIS,
# WITHOUT WARRANTIES OR CONDITIONS OF ANY KIND, either express or implied.
# See the License for the specific language governing permissions and
# limitations under the License.

# CoordinatorLayout resolves the behaviors of its child components with reflection.
-keep public class * extends androidx.coordinatorlayout.widget.CoordinatorLayout$Behavior {
    public <init>(android.content.Context, android.util.AttributeSet);
    public <init>();
}

# Make sure we keep annotations for CoordinatorLayout's DefaultBehavior
-keepattributes *Annotation*

# End of content from a53ecc75a8f81e602935d951ab4e8143\material-1.0.0\proguard.txt
# The proguard configuration file for the following section is bfde7d8dc67bbf5d4ead00e148329bf4\preference-1.0.0\proguard.txt
# Copyright (C) 2015 The Android Open Source Project
#
# Licensed under the Apache License, Version 2.0 (the "License");
# you may not use this file except in compliance with the License.
# You may obtain a copy of the License at
#
#      http://www.apache.org/licenses/LICENSE-2.0
#
# Unless required by applicable law or agreed to in writing, software
# distributed under the License is distributed on an "AS IS" BASIS,
# WITHOUT WARRANTIES OR CONDITIONS OF ANY KIND, either express or implied.