app/build/outputs/mapping/standardRelease/seeds.txt
com.argonaut.sjrm.decompilers.BaseDecompiler: com.argonaut.sjrm.utils.ProcessNotifier processNotifier
com.argonaut.sjrm.decompilers.ResourcesExtractionWorker: void loadResourcesTable()
com.argonaut.sjrm.workers.DecompilerWorker
com.argonaut.sjrm.decompilers.ResourcesExtractionWorker
com.argonaut.sjrm.data.PackageInfo$Type: com.argonaut.sjrm.data.PackageInfo$Type valueOf(java.lang.String)
com.argonaut.sjrm.activities.decompiler.LowMemoryActivity
com.argonaut.sjrm.decompilers.BaseDecompiler: boolean keepIntermediateFiles
com.argonaut.sjrm.decompilers.JarExtractionWorker$convertApkToDex$1
com.argonaut.sjrm.decompilers.JarExtractionWorker: androidx.work.ListenableWorker$Result doWork()
com.argonaut.sjrm.decompilers.ResourcesExtractionWorker: ResourcesExtractionWorker(android.content.Context,androidx.work.Data)
com.argonaut.sjrm.utils.views.CodeView: CodeView(android.content.Context,android.util.AttributeSet)
com.argonaut.sjrm.decompilers.BaseDecompiler$OutOfMemoryError: BaseDecompiler$OutOfMemoryError()
com.argonaut.sjrm.decompilers.BaseDecompiler$Companion: java.lang.String start(java.util.Map)
com.argonaut.sjrm.activities.explorer.viewer.CodeViewerActivity
com.argonaut.sjrm.decompilers.JarExtractionWorker$WhenMappings: int[] $EnumSwitchMapping$0
com.argonaut.sjrm.decompilers.BaseDecompiler: java.io.File outputJavaSrcDirectory
com.argonaut.sjrm.activities.BaseActivity: BaseActivity()
com.argonaut.sjrm.decompilers.ResourcesExtractionWorker: void extractResourcesWithJadx()
com.argonaut.sjrm.decompilers.BaseDecompiler: java.io.File workingDirectory
com.argonaut.sjrm.decompilers.BaseDecompiler: java.lang.String getPackageLabel()
com.argonaut.sjrm.decompilers.BaseDecompiler: androidx.work.ListenableWorker$Result exit(java.lang.Exception)
com.argonaut.sjrm.decompilers.BaseDecompiler: void setOutOfMemory(boolean)
com.argonaut.sjrm.decompilers.BaseDecompiler$OutOfMemoryError
com.argonaut.sjrm.activities.landing.LandingActivity: LandingActivity()
com.argonaut.sjrm.decompilers.BaseDecompiler: int runAttemptCount
com.argonaut.sjrm.decompilers.BaseDecompiler: java.io.File getCacheDirectory()
com.argonaut.sjrm.decompilers.BaseDecompiler: void access$broadcastStatus(com.argonaut.sjrm.decompilers.BaseDecompiler,java.lang.String,java.lang.String,java.lang.String)
com.argonaut.sjrm.decompilers.BaseDecompiler: java.lang.String getDecompiler()
com.argonaut.sjrm.decompilers.BaseDecompiler$Companion$start$1: java.lang.String $id
com.argonaut.sjrm.decompilers.BaseDecompiler$monitorMemory$1
com.argonaut.sjrm.decompilers.BaseDecompiler: void setPrintStream(java.io.PrintStream)
com.argonaut.sjrm.decompilers.BaseDecompiler: java.io.PrintStream printStream
com.argonaut.sjrm.decompilers.ResourcesExtractionWorker: void extractResourcesWithParser()
com.argonaut.sjrm.decompilers.ResourcesExtractionWorker$loadResourcesTable$1$1: com.argonaut.sjrm.decompilers.ResourcesExtractionWorker$loadResourcesTable$1$1 INSTANCE
com.argonaut.sjrm.decompilers.BaseDecompiler: java.io.File outputSrcDirectory
com.argonaut.sjrm.decompilers.BaseDecompiler$doWork$1: BaseDecompiler$doWork$1()
com.argonaut.sjrm.activities.about.AboutActivity: AboutActivity()
com.argonaut.sjrm.decompilers.JarExtractionWorker: boolean isIgnored(java.lang.String)
com.argonaut.sjrm.utils.views.CodeView$setOnHighlightListener$1: void onFinishCodeHighlight()
com.argonaut.sjrm.decompilers.ResourcesExtractionWorker$loadResourcesTable$1
com.argonaut.sjrm.decompilers.BaseDecompiler: void broadcastStatus(java.lang.String,java.lang.String,java.lang.String)
com.argonaut.sjrm.decompilers.JarExtractionWorker$DexExceptionHandlerMod: void handleFileException(java.lang.Exception)
com.argonaut.sjrm.decompilers.BaseDecompiler: java.io.File getInputPackageFile()
com.argonaut.sjrm.decompilers.BaseDecompiler$Companion$start$1: androidx.work.OneTimeWorkRequest invoke(java.lang.String)
com.argonaut.sjrm.decompilers.BaseDecompiler: android.content.Context context
...
com.google.android.gms.internal.measurement.zzcd: int zze
com.google.protobuf.Api: int SOURCE_CONTEXT_FIELD_NUMBER
com.google.firebase.encoders.json.JsonDataEncoderBuilder$$Lambda$1
com.google.android.gms.ads.identifier.zza
com.google.android.gms.internal.ads.zzbeq
com.startapp.sdk.adsbase.SDKAdPreferences$Gender: com.startapp.sdk.adsbase.SDKAdPreferences$Gender valueOf(java.lang.String)
com.google.android.gms.measurement.internal.zzeg
com.google.android.gms.internal.ads.zzdev
com.google.android.gms.common.api.zzb
com.startapp.sdk.ads.a.c: void x()
com.startapp.common.b.b$a: void a()
androidx.appcompat.widget.ActivityChooserView: void setInitialActivityCount(int)
com.startapp.sdk.ads.list3d.e: void a(boolean)
com.startapp.networkTest.speedtest.SpeedtestEngineError: com.startapp.networkTest.speedtest.SpeedtestEngineError m
com.davemorrissey.labs.subscaleview.SubsamplingScaleImageView: void refreshRequiredTiles(boolean)
com.startapp.sdk.ads.video.VideoMode$16: VideoMode$16(com.startapp.sdk.ads.video.VideoMode)
com.google.android.gms.internal.ads.zzdne
com.google.protobuf.DescriptorProtos$FileOptions: byte memoizedIsInitialized
kotlin.UShort: long div-VKZWuLQ(short,long)
com.google.common.collect.GeneralRange
com.google.firebase.crashlytics.internal.settings.SettingsCacheBehavior
com.startapp.sdk.ads.splash.SplashConfig$Theme: com.startapp.sdk.ads.splash.SplashConfig$Theme ASHEN_SKY
com.startapp.sdk.d.b: android.content.Context f
com.google.firebase.perf.v1.ApplicationProcessState: com.google.firebase.perf.v1.ApplicationProcessState[] values()
com.google.common.collect.ImmutableList$Builder
com.startapp.sdk.ads.video.vast.c: int a
com.google.api.AuthenticationRule: com.google.protobuf.Internal$ProtobufList requirements_
kotlin.UShort: int compareTo-7apg3OU(short,byte)
com.google.firebase.perf.internal.RemoteConfigManager: void lambda$triggerFirebaseRemoteConfigFetchAndActivateOnSuccessfulFetch$0(com.google.firebase.perf.internal.RemoteConfigManager,java.lang.Boolean)
com.google.common.base.Predicates$InstanceOfPredicate
com.google.android.material.circularreveal.cardview.CircularRevealCardView: void setCircularRevealOverlayDrawable(android.graphics.drawable.Drawable)
com.google.android.gms.internal.ads.zzdsp
com.google.android.gms.oss.licenses.zzd
com.google.android.gms.internal.ads.zzbqv
com.startapp.sdk.ads.banner.BannerOptions: BannerOptions()
xyz.codezero.android.dex.MethodHandle$MethodHandleType: int access$000(xyz.codezero.android.dex.MethodHandle$MethodHandleType)
com.google.android.gms.ads.mediation.customevent.CustomEventExtras: CustomEventExtras()
com.android.dex.Dex$Section: short[] readShortArray(int)
com.startapp.sdk.adsbase.remoteconfig.MetaDataStyle: java.lang.Integer b
com.google.common.util.concurrent.AsyncSettableFuture$NestedFuture: AsyncSettableFuture$NestedFuture()
com.startapp.sdk.ads.video.VideoMode$16: com.startapp.sdk.ads.video.VideoMode a
com.google.api.Distribution$Exemplar: int ATTACHMENTS_FIELD_NUMBER
com.google.android.gms.internal.ads.zzza: zzza()
com.startapp.sdk.adsbase.consent.ConsentActivity: void onCreate(android.os.Bundle)
androidx.appcompat.widget.AppCompatSpinner: android.graphics.PorterDuff$Mode getSupportBackgroundTintMode()
com.startapp.sdk.adsbase.Ad$2: com.startapp.sdk.adsbase.adlisteners.b b
com.google.android.gms.measurement.internal.zzek
com.google.firebase.perf.v1.CpuMetricReading
com.google.android.gms.measurement.AppMeasurementReceiver: AppMeasurementReceiver()
com.startapp.sdk.adsbase.consent.ConsentTypeInfoConfig: java.lang.Integer trueClick
com.startapp.networkTest.startapp.CoverageMapperManager: CoverageMapperManager(android.content.Context)
com.google.android.gms.measurement.internal.zzcc: zzcc()
com.google.common.base.Suppliers$ThreadSafeSupplier
com.google.rpc.ResourceInfo$Builder
com.startapp.sdk.adsbase.cache.c: java.lang.Long c
com.google.common.net.InternetDomainName
com.google.rpc.RetryInfo: int RETRY_DELAY_FIELD_NUMBER